Library/Bee/Android/Prj/IL2CPP/Gradle/launcher/build/intermediates/manifest_merge_blame_file/release/manifest-merger-blame-release-report.txt
1<?xml version="1.0" encoding="utf-8"?>
2<manifest xmlns:android="http://schemas.android.com/apk/res/android"
3    package="com.bb.tp"
4    android:installLocation="preferExternal"
5    android:versionCode="10154"
6    android:versionName="10.15.4" >
7
8    <uses-sdk
9        android:minSdkVersion="26"
9-->src\main\AndroidManifest.xml
10        android:targetSdkVersion="30" />
10-->src\main\AndroidManifest.xml
11
12    <supports-screens
12-->src\main\AndroidManifest.xml:3:3-163
13        android:anyDensity="true"
13-->src\main\AndroidManifest.xml:3:135-160
14        android:largeScreens="true"
14-->src\main\AndroidManifest.xml:3:78-105
15        android:normalScreens="true"
15-->src\main\AndroidManifest.xml:3:49-77
16        android:smallScreens="true"
16-->src\main\AndroidManifest.xml:3:21-48
17        android:xlargeScreens="true" />
17-->src\main\AndroidManifest.xml:3:106-134
18
19    <uses-feature android:glEsVersion="0x00030000" />
19-->[:unityLibrary] AndroidManifest.xml:12:5-54
19-->[:unityLibrary] AndroidManifest.xml:12:19-51
20
21    <uses-permission android:name="android.permission.INTERNET" />
21-->[:unityLibrary] AndroidManifest.xml:14:5-67
21-->[:unityLibrary] AndroidManifest.xml:14:22-64
22    <uses-permission android:name="android.permission.CAMERA" />
22-->[:unityLibrary] AndroidManifest.xml:15:5-65
22-->[:unityLibrary] AndroidManifest.xml:15:22-62
23
24    <uses-feature
24-->[:unityLibrary] AndroidManifest.xml:17:5-19:36
25        android:name="android.hardware.camera"
25-->[:unityLibrary] AndroidManifest.xml:18:9-47
26        android:required="true" />
26-->[:unityLibrary] AndroidManifest.xml:19:9-33
27    <uses-feature
27-->[:unityLibrary] AndroidManifest.xml:20:5-22:36
28        android:name="android.hardware.camera.autofocus"
28-->[:unityLibrary] AndroidManifest.xml:21:9-57
29        android:required="false" />
29-->[:unityLibrary] AndroidManifest.xml:22:9-33
30    <uses-feature
30-->[:unityLibrary] AndroidManifest.xml:23:5-25:36
31        android:name="android.hardware.camera.front"
31-->[:unityLibrary] AndroidManifest.xml:24:9-53
32        android:required="false" />
32-->[:unityLibrary] AndroidManifest.xml:25:9-33
33    <uses-feature
33-->[:unityLibrary] AndroidManifest.xml:26:5-28:36
34        android:name="android.hardware.touchscreen"
34-->[:unityLibrary] AndroidManifest.xml:27:9-52
35        android:required="false" />
35-->[:unityLibrary] AndroidManifest.xml:28:9-33
36    <uses-feature
36-->[:unityLibrary] AndroidManifest.xml:29:5-31:36
37        android:name="android.hardware.touchscreen.multitouch"
37-->[:unityLibrary] AndroidManifest.xml:30:9-63
38        android:required="false" />
38-->[:unityLibrary] AndroidManifest.xml:31:9-33
39    <uses-feature
39-->[:unityLibrary] AndroidManifest.xml:32:5-34:36
40        android:name="android.hardware.touchscreen.multitouch.distinct"
40-->[:unityLibrary] AndroidManifest.xml:33:9-72
41        android:required="false" />
41-->[:unityLibrary] AndroidManifest.xml:34:9-33
42    <!--
43        Required by Vuforia: Add this permission to access IMU sensors at high rate
44        for device tracker functionality on Android 12+.
45    -->
46    <uses-permission android:name="android.permission.HIGH_SAMPLING_RATE_SENSORS" /> <!-- Required by Vuforia: Add this permission to allow checking of network. -->
46-->[:VuforiaEngine:] AndroidManifest.xml:16:5-85
46-->[:VuforiaEngine:] AndroidManifest.xml:16:22-82
47    <uses-permission android:name="android.permission.ACCESS_NETWORK_STATE" />
47-->[:VuforiaEngine:] AndroidManifest.xml:19:5-79
47-->[:VuforiaEngine:] AndroidManifest.xml:19:22-76
48
49    <application
49-->src\main\AndroidManifest.xml:4:3-126
50        android:extractNativeLibs="true"
50-->[:unityLibrary] AndroidManifest.xml:36:18-50
51        android:icon="@mipmap/app_icon"
51-->src\main\AndroidManifest.xml:4:49-80
52        android:label="@string/app_name"
52-->src\main\AndroidManifest.xml:4:16-48
53        android:roundIcon="@mipmap/app_icon_round" >
53-->src\main\AndroidManifest.xml:4:81-123
54        <activity
54-->[:unityLibrary] AndroidManifest.xml:37:9-57:20
55            android:name="com.unity3d.player.UnityPlayerActivity"
55-->[:unityLibrary] AndroidManifest.xml:38:13-66
56            android:configChanges="mcc|mnc|locale|touchscreen|keyboard|keyboardHidden|navigation|orientation|screenLayout|uiMode|screenSize|smallestScreenSize|fontScale|layoutDirection|density"
56-->[:unityLibrary] AndroidManifest.xml:39:13-194
57            android:hardwareAccelerated="false"
57-->[:unityLibrary] AndroidManifest.xml:40:13-48
58            android:launchMode="singleTask"
58-->[:unityLibrary] AndroidManifest.xml:41:13-44
59            android:resizeableActivity="false"
59-->[:unityLibrary] AndroidManifest.xml:42:13-47
60            android:screenOrientation="portrait"
60-->[:unityLibrary] AndroidManifest.xml:43:13-49
61            android:theme="@style/UnityThemeSelector" >
61-->[:unityLibrary] AndroidManifest.xml:44:13-54
62            <intent-filter>
62-->[:unityLibrary] AndroidManifest.xml:45:13-49:29
63                <action android:name="android.intent.action.MAIN" />
63-->[:unityLibrary] AndroidManifest.xml:46:17-69
63-->[:unityLibrary] AndroidManifest.xml:46:25-66
64
65                <category android:name="android.intent.category.LAUNCHER" />
65-->[:unityLibrary] AndroidManifest.xml:48:17-77
65-->[:unityLibrary] AndroidManifest.xml:48:27-74
66            </intent-filter>
67
68            <meta-data
68-->[:unityLibrary] AndroidManifest.xml:51:13-53:40
69                android:name="unityplayer.UnityActivity"
69-->[:unityLibrary] AndroidManifest.xml:52:17-57
70                android:value="true" />
70-->[:unityLibrary] AndroidManifest.xml:53:17-37
71            <meta-data
71-->[:unityLibrary] AndroidManifest.xml:54:13-56:40
72                android:name="android.notch_support"
72-->[:unityLibrary] AndroidManifest.xml:55:17-53
73                android:value="true" />
73-->[:unityLibrary] AndroidManifest.xml:56:17-37
74        </activity>
75
76        <meta-data
76-->[:unityLibrary] AndroidManifest.xml:59:9-61:33
77            android:name="unity.splash-mode"
77-->[:unityLibrary] AndroidManifest.xml:60:13-45
78            android:value="0" />
78-->[:unityLibrary] AndroidManifest.xml:61:13-30
79        <meta-data
79-->[:unityLibrary] AndroidManifest.xml:62:9-64:36
80            android:name="unity.splash-enable"
80-->[:unityLibrary] AndroidManifest.xml:63:13-47
81            android:value="True" />
81-->[:unityLibrary] AndroidManifest.xml:64:13-33
82        <meta-data
82-->[:unityLibrary] AndroidManifest.xml:65:9-67:36
83            android:name="unity.launch-fullscreen"
83-->[:unityLibrary] AndroidManifest.xml:66:13-51
84            android:value="True" />
84-->[:unityLibrary] AndroidManifest.xml:67:13-33
85        <meta-data
85-->[:unityLibrary] AndroidManifest.xml:68:9-70:37
86            android:name="unity.allow-resizable-window"
86-->[:unityLibrary] AndroidManifest.xml:69:13-56
87            android:value="False" />
87-->[:unityLibrary] AndroidManifest.xml:70:13-34
88        <meta-data
88-->[:unityLibrary] AndroidManifest.xml:71:9-73:50
89            android:name="notch.config"
89-->[:unityLibrary] AndroidManifest.xml:72:13-40
90            android:value="portrait|landscape" />
90-->[:unityLibrary] AndroidManifest.xml:73:13-47
91        <meta-data
91-->[:unityLibrary] AndroidManifest.xml:74:9-76:36
92            android:name="unity.auto-report-fully-drawn"
92-->[:unityLibrary] AndroidManifest.xml:75:13-57
93            android:value="true" />
93-->[:unityLibrary] AndroidManifest.xml:76:13-33
94
95        <provider
95-->[:VuforiaEngine:] AndroidManifest.xml:25:9-33:20
96            android:name="com.vuforia.engine.app.VuforiaContentProvider"
96-->[:VuforiaEngine:] AndroidManifest.xml:26:13-73
97            android:authorities="com.bb.tp.vuforia.share"
97-->[:VuforiaEngine:] AndroidManifest.xml:27:13-65
98            android:exported="false"
98-->[:VuforiaEngine:] AndroidManifest.xml:28:13-37
99            android:grantUriPermissions="true" >
99-->[:VuforiaEngine:] AndroidManifest.xml:29:13-47
100            <meta-data
100-->[:VuforiaEngine:] AndroidManifest.xml:30:13-32:53
101                android:name="android.support.FILE_PROVIDER_PATHS"
101-->[:VuforiaEngine:] AndroidManifest.xml:31:17-67
102                android:resource="@xml/filepaths" />
102-->[:VuforiaEngine:] AndroidManifest.xml:32:17-50
103        </provider>
104    </application>
105
106</manifest>